<?xml version="1.0" encoding="UTF-8"?>
<testsuite name="com.github.parkalot.TestGooglePlacesAPIService" tests="4" skipped="0" failures="0" errors="0" timestamp="2017-02-04T04:15:24" hostname="Craig-PC" time="0.218">
  <properties/>
  <testcase name="testSelectedParking" classname="com.github.parkalot.TestGooglePlacesAPIService" time="0.14"/>
  <testcase name="testSelectedParkingWithRadius" classname="com.github.parkalot.TestGooglePlacesAPIService" time="0.031"/>
  <testcase name="testGetNearbyParkingWithRadius" classname="com.github.parkalot.TestGooglePlacesAPIService" time="0.016"/>
  <testcase name="testGetNearbyParking" classname="com.github.parkalot.TestGooglePlacesAPIService" time="0.031"/>
  <system-out><![CDATA[2017-02-03 23:15:23 INFO  DefaultTestContextBootstrapper:260 - Loaded default TestExecutionListener class names from location [META-INF/spring.factories]: [org.springframework.boot.test.mock.mockito.MockitoTestExecutionListener, org.springframework.boot.test.mock.mockito.ResetMocksTestExecutionListener, org.springframework.test.context.web.ServletTestExecutionListener, org.springframework.test.context.support.DirtiesContextBeforeModesTestExecutionListener, org.springframework.test.context.support.DependencyInjectionTestExecutionListener, org.springframework.test.context.support.DirtiesContextTestExecutionListener, org.springframework.test.context.transaction.TransactionalTestExecutionListener, org.springframework.test.context.jdbc.SqlScriptsTestExecutionListener]
2017-02-03 23:15:23 INFO  DefaultTestContextBootstrapper:209 - Could not instantiate TestExecutionListener [org.springframework.test.context.transaction.TransactionalTestExecutionListener]. Specify custom listener classes or make the default listener classes (and their required dependencies) available. Offending class: [org/springframework/transaction/interceptor/TransactionAttributeSource]
2017-02-03 23:15:23 INFO  DefaultTestContextBootstrapper:209 - Could not instantiate TestExecutionListener [org.springframework.test.context.web.ServletTestExecutionListener]. Specify custom listener classes or make the default listener classes (and their required dependencies) available. Offending class: [javax/servlet/ServletContext]
2017-02-03 23:15:23 INFO  DefaultTestContextBootstrapper:209 - Could not instantiate TestExecutionListener [org.springframework.test.context.jdbc.SqlScriptsTestExecutionListener]. Specify custom listener classes or make the default listener classes (and their required dependencies) available. Offending class: [org/springframework/transaction/interceptor/TransactionAttribute]
2017-02-03 23:15:23 INFO  DefaultTestContextBootstrapper:187 - Using TestExecutionListeners: [org.springframework.test.context.support.DirtiesContextBeforeModesTestExecutionListener@5ecf3537, org.springframework.test.context.support.DependencyInjectionTestExecutionListener@1bfb85d0, org.springframework.test.context.support.DirtiesContextTestExecutionListener@645a798, org.springframework.boot.test.mock.mockito.MockitoTestExecutionListener@7bc34275, org.springframework.boot.test.mock.mockito.ResetMocksTestExecutionListener@5c82b6b7]
2017-02-03 23:15:23 INFO  GenericApplicationContext:582 - Refreshing org.springframework.context.support.GenericApplicationContext@5756dae1: startup date [Fri Feb 03 23:15:23 EST 2017]; root of context hierarchy
2017-02-03 23:15:24 INFO  GooglePlacesAPIServiceImpl:87 - Sending Request: https://test.google.com/maps/api/place/nearbysearch/json?location=2222,1111&radius=1000&type=parking&key=sdfsdfsdf
2017-02-03 23:15:24 INFO  GooglePlacesAPIServiceImpl:90 - Received Response: {
  "htmlAttributions" : null,
  "results" : [ {
    "geometry" : {
      "location" : {
        "lat" : 33.82652840000001,
        "lng" : -84.3304983
      },
      "viewport" : {
        "northeast" : {
          "lat" : 33.8275682,
          "lng" : -84.33037664999999
        },
        "southwest" : {
          "lat" : 33.82618180000001,
          "lng" : -84.33086325
        }
      }
    },
    "icon" : "https://maps.gstatic.com/mapfiles/place_api/icons/generic_business-71.png",
    "id" : "8a170479ba552c2345b6b5cc361cc557f4f7f98a",
    "name" : "Rygaard Garage Door Services",
    "photos" : [ {
      "height" : 310,
      "htmlAttributions" : null,
      "photoReference" : null,
      "width" : 789
    } ],
    "placeId" : null,
    "reference" : "CmRSAAAAPyL91Jcmb0dQRNj_D4-5lNFAoNXSBdnoLHuYYduQCro9A62PUTjTUbO7ve8YpTgMfoCSe48a4CzvXmJm-CCM-7PNaQCTRfwQ70pD6LxS2zg18nLNLof0GLHVtMpdCLmeEhCGiP7wOeEnHJrEQEwS6YxmGhRU5wTi-yZ50V-CZCiHODRlKKhzWQ",
    "scope" : "GOOGLE",
    "types" : [ "parking", "general_contractor", "point_of_interest", "establishment" ],
    "vicinity" : "2531 Briarcliff Road Northeast #121, Atlanta"
  } ],
  "status" : "OK",
  "errorMsg" : null
}
2017-02-03 23:15:24 INFO  GooglePlacesAPIServiceImpl:87 - Sending Request: https://test.google.com/maps/api/place/nearbysearch/json?location=2222,1111&radius=100&type=parking&key=sdfsdfsdf
2017-02-03 23:15:24 INFO  GooglePlacesAPIServiceImpl:90 - Received Response: {
  "htmlAttributions" : null,
  "results" : [ {
    "geometry" : {
      "location" : {
        "lat" : 33.82652840000001,
        "lng" : -84.3304983
      },
      "viewport" : {
        "northeast" : {
          "lat" : 33.8275682,
          "lng" : -84.33037664999999
        },
        "southwest" : {
          "lat" : 33.82618180000001,
          "lng" : -84.33086325
        }
      }
    },
    "icon" : "https://maps.gstatic.com/mapfiles/place_api/icons/generic_business-71.png",
    "id" : "8a170479ba552c2345b6b5cc361cc557f4f7f98a",
    "name" : "Rygaard Garage Door Services",
    "photos" : [ {
      "height" : 310,
      "htmlAttributions" : null,
      "photoReference" : null,
      "width" : 789
    } ],
    "placeId" : null,
    "reference" : "CmRSAAAAPyL91Jcmb0dQRNj_D4-5lNFAoNXSBdnoLHuYYduQCro9A62PUTjTUbO7ve8YpTgMfoCSe48a4CzvXmJm-CCM-7PNaQCTRfwQ70pD6LxS2zg18nLNLof0GLHVtMpdCLmeEhCGiP7wOeEnHJrEQEwS6YxmGhRU5wTi-yZ50V-CZCiHODRlKKhzWQ",
    "scope" : "GOOGLE",
    "types" : [ "parking", "general_contractor", "point_of_interest", "establishment" ],
    "vicinity" : "2531 Briarcliff Road Northeast #121, Atlanta"
  } ],
  "status" : "OK",
  "errorMsg" : null
}
2017-02-03 23:15:24 INFO  GooglePlacesAPIServiceImpl:87 - Sending Request: https://test.google.com/maps/api/place/nearbysearch/json?location=123,123&radius=1000&type=parking&key=sdfsdfsdf
2017-02-03 23:15:24 INFO  GooglePlacesAPIServiceImpl:90 - Received Response: {
  "htmlAttributions" : null,
  "results" : [ {
    "geometry" : {
      "location" : {
        "lat" : 33.82652840000001,
        "lng" : -84.3304983
      },
      "viewport" : {
        "northeast" : {
          "lat" : 33.8275682,
          "lng" : -84.33037664999999
        },
        "southwest" : {
          "lat" : 33.82618180000001,
          "lng" : -84.33086325
        }
      }
    },
    "icon" : "https://maps.gstatic.com/mapfiles/place_api/icons/generic_business-71.png",
    "id" : "8a170479ba552c2345b6b5cc361cc557f4f7f98a",
    "name" : "Rygaard Garage Door Services",
    "photos" : [ {
      "height" : 310,
      "htmlAttributions" : null,
      "photoReference" : null,
      "width" : 789
    } ],
    "placeId" : null,
    "reference" : "CmRSAAAAPyL91Jcmb0dQRNj_D4-5lNFAoNXSBdnoLHuYYduQCro9A62PUTjTUbO7ve8YpTgMfoCSe48a4CzvXmJm-CCM-7PNaQCTRfwQ70pD6LxS2zg18nLNLof0GLHVtMpdCLmeEhCGiP7wOeEnHJrEQEwS6YxmGhRU5wTi-yZ50V-CZCiHODRlKKhzWQ",
    "scope" : "GOOGLE",
    "types" : [ "parking", "general_contractor", "point_of_interest", "establishment" ],
    "vicinity" : "2531 Briarcliff Road Northeast #121, Atlanta"
  } ],
  "status" : "OK",
  "errorMsg" : null
}
2017-02-03 23:15:24 INFO  GooglePlacesAPIServiceImpl:87 - Sending Request: https://test.google.com/maps/api/place/nearbysearch/json?location=123,123&radius=1000&type=parking&key=sdfsdfsdf
2017-02-03 23:15:24 INFO  GooglePlacesAPIServiceImpl:90 - Received Response: {
  "htmlAttributions" : null,
  "results" : [ {
    "geometry" : {
      "location" : {
        "lat" : 33.82652840000001,
        "lng" : -84.3304983
      },
      "viewport" : {
        "northeast" : {
          "lat" : 33.8275682,
          "lng" : -84.33037664999999
        },
        "southwest" : {
          "lat" : 33.82618180000001,
          "lng" : -84.33086325
        }
      }
    },
    "icon" : "https://maps.gstatic.com/mapfiles/place_api/icons/generic_business-71.png",
    "id" : "8a170479ba552c2345b6b5cc361cc557f4f7f98a",
    "name" : "Rygaard Garage Door Services",
    "photos" : [ {
      "height" : 310,
      "htmlAttributions" : null,
      "photoReference" : null,
      "width" : 789
    } ],
    "placeId" : null,
    "reference" : "CmRSAAAAPyL91Jcmb0dQRNj_D4-5lNFAoNXSBdnoLHuYYduQCro9A62PUTjTUbO7ve8YpTgMfoCSe48a4CzvXmJm-CCM-7PNaQCTRfwQ70pD6LxS2zg18nLNLof0GLHVtMpdCLmeEhCGiP7wOeEnHJrEQEwS6YxmGhRU5wTi-yZ50V-CZCiHODRlKKhzWQ",
    "scope" : "GOOGLE",
    "types" : [ "parking", "general_contractor", "point_of_interest", "establishment" ],
    "vicinity" : "2531 Briarcliff Road Northeast #121, Atlanta"
  } ],
  "status" : "OK",
  "errorMsg" : null
}
]]></system-out>
  <system-err><![CDATA[]]></system-err>
</testsuite>
